<?xml version="1.0" encoding="UTF-8"?><testsuite errors="0" failures="0" name="b25.spartan.editor.SpartanEditorPostTest" skipped="0" tests="10" time="1.69" timestamp="2022-05-12 11:00:16"><testcase classname="b25.spartan.editor.SpartanEditorPostTest" name="[1] Harvey, Male, 8763088347"/><testcase classname="b25.spartan.editor.SpartanEditorPostTest" name="[2] Sascha, Female, 4471733089"/><testcase classname="b25.spartan.editor.SpartanEditorPostTest" name="[3] Yvon, Male, 5766057531"/><testcase classname="b25.spartan.editor.SpartanEditorPostTest" name="[4] Ram, Male, 8919421065"/><testcase classname="b25.spartan.editor.SpartanEditorPostTest" name="[5] Cilka, Female, 8953564173"/><testcase classname="b25.spartan.editor.SpartanEditorPostTest" name="[6] Erastus, Male, 6247152663"/><testcase classname="b25.spartan.editor.SpartanEditorPostTest" name="[7] Auroora, Female, 1964197463"/><testcase classname="b25.spartan.editor.SpartanEditorPostTest" name="[8] Berk, Male, 4318509162"/><testcase classname="b25.spartan.editor.SpartanEditorPostTest" name="[9] Eric, Male, 2378290704"/><testcase classname="b25.spartan.editor.SpartanEditorPostTest" name="[10] Ajay, Female, 5471226403"/></testsuite>